Java HotSpot(TM) 64-Bit Server VM (25.251-b08) for windows-amd64 JRE (1.8.0_251-b08), built on Mar 12 2020 06:31:49 by "" with MS VC++ 10.0 (VS2010)
Memory: 4k page, physical 16659688k(5993936k free), swap 19630492k(3594216k free)
CommandLine flags: -XX:InitialHeapSize=536870912 -XX:MaxHeapSize=536870912 -XX:+PrintGC -XX:+PrintGCDateStamps -XX:+PrintGCDetails -XX:+PrintGCTimeStamps -XX:+UseCompressedClassPointers -XX:+UseCompressedOops -XX:-UseLargePagesIndividualAllocation -XX:+UseSerialGC 
2021-03-31T22:35:16.399+0800: 0.802: [GC (Allocation Failure) 2021-03-31T22:35:16.411+0800: 0.804: [DefNew: 139776K->17471K(157248K), 0.0586732 secs] 139776K->45167K(506816K), 0.0711275 secs] [Times: user=0.00 sys=0.05, real=0.07 secs] 
2021-03-31T22:35:16.511+0800: 0.904: [GC (Allocation Failure) 2021-03-31T22:35:16.511+0800: 0.904: [DefNew: 157141K->17472K(157248K), 0.0575884 secs] 184837K->89435K(506816K), 0.0576693 secs] [Times: user=0.02 sys=0.03, real=0.06 secs] 
2021-03-31T22:35:16.601+0800: 0.994: [GC (Allocation Failure) 2021-03-31T22:35:16.601+0800: 0.994: [DefNew: 157248K->17471K(157248K), 0.0393736 secs] 229211K->133511K(506816K), 0.0394735 secs] [Times: user=0.05 sys=0.00, real=0.04 secs] 
2021-03-31T22:35:16.672+0800: 1.065: [GC (Allocation Failure) 2021-03-31T22:35:16.672+0800: 1.065: [DefNew: 157230K->17470K(157248K), 0.0440918 secs] 273271K->177434K(506816K), 0.0441886 secs] [Times: user=0.02 sys=0.03, real=0.04 secs] 
2021-03-31T22:35:16.747+0800: 1.140: [GC (Allocation Failure) 2021-03-31T22:35:16.747+0800: 1.140: [DefNew: 157246K->17472K(157248K), 0.0423193 secs] 317210K->225293K(506816K), 0.0424646 secs] [Times: user=0.03 sys=0.00, real=0.04 secs] 
2021-03-31T22:35:16.822+0800: 1.214: [GC (Allocation Failure) 2021-03-31T22:35:16.822+0800: 1.214: [DefNew: 157248K->17471K(157248K), 0.0369435 secs] 365069K->265420K(506816K), 0.0370163 secs] [Times: user=0.02 sys=0.03, real=0.04 secs] 
2021-03-31T22:35:16.889+0800: 1.282: [GC (Allocation Failure) 2021-03-31T22:35:16.889+0800: 1.282: [DefNew: 157247K->17472K(157248K), 0.0420907 secs] 405196K->309629K(506816K), 0.0422595 secs] [Times: user=0.00 sys=0.03, real=0.04 secs] 
2021-03-31T22:35:16.967+0800: 1.359: [GC (Allocation Failure) 2021-03-31T22:35:16.967+0800: 1.359: [DefNew: 157248K->17471K(157248K), 0.0480059 secs] 449405K->354235K(506816K), 0.0480909 secs] [Times: user=0.03 sys=0.01, real=0.05 secs] 
2021-03-31T22:35:17.045+0800: 1.437: [GC (Allocation Failure) 2021-03-31T22:35:17.045+0800: 1.437: [DefNew: 157247K->157247K(157248K), 0.0000195 secs]2021-03-31T22:35:17.045+0800: 1.437: [Tenured: 336763K->278712K(349568K), 0.0553103 secs] 494011K->278712K(506816K), [Metaspace: 3802K->3802K(1056768K)], 0.0625249 secs] [Times: user=0.05 sys=0.00, real=0.06 secs] 
2021-03-31T22:35:17.153+0800: 1.545: [GC (Allocation Failure) 2021-03-31T22:35:17.153+0800: 1.545: [DefNew: 139776K->17471K(157248K), 0.0142012 secs] 418488K->329599K(506816K), 0.0143091 secs] [Times: user=0.01 sys=0.00, real=0.01 secs] 
Heap
 def new generation   total 157248K, used 81119K [0x00000000e0000000, 0x00000000eaaa0000, 0x00000000eaaa0000)
  eden space 139776K,  45% used [0x00000000e0000000, 0x00000000e3e27e40, 0x00000000e8880000)
  from space 17472K,  99% used [0x00000000e9990000, 0x00000000eaa9fff8, 0x00000000eaaa0000)
  to   space 17472K,   0% used [0x00000000e8880000, 0x00000000e8880000, 0x00000000e9990000)
 tenured generation   total 349568K, used 312127K [0x00000000eaaa0000, 0x0000000100000000, 0x0000000100000000)
   the space 349568K,  89% used [0x00000000eaaa0000, 0x00000000fdb6ff10, 0x00000000fdb70000, 0x0000000100000000)
 Metaspace       used 3808K, capacity 4540K, committed 4864K, reserved 1056768K
  class space    used 420K, capacity 428K, committed 512K, reserved 1048576K
